android/app/build/intermediates/manifest_merge_blame_file/debug/manifest-merger-blame-debug-report.txt
1<?xml version="1.0" encoding="utf-8"?>
2<manifest xmlns:android="http://schemas.android.com/apk/res/android"
3    package="com.groceriesondemand"
4    android:versionCode="3004"
5    android:versionName="1.2" >
6
7    <uses-sdk
8        android:minSdkVersion="21"
9        android:targetSdkVersion="29" />
10
11    <uses-permission android:name="android.permission.SYSTEM_ALERT_WINDOW" />
11-->src/debug/AndroidManifest.xml:5:5-77
11-->src/debug/AndroidManifest.xml:5:22-75
12    <uses-permission android:name="android.permission.INTERNET" />
12-->src/main/AndroidManifest.xml:4:5-67
12-->src/main/AndroidManifest.xml:4:22-64
13    <uses-permission android:name="android.permission.ACCESS_WIFI_STATE" />
13-->[com.facebook.flipper:flipper:0.75.1] AndroidManifest.xml:16:5-76
13-->[com.facebook.flipper:flipper:0.75.1] AndroidManifest.xml:16:22-73
14    <uses-permission android:name="android.permission.WAKE_LOCK" />
14-->[:react-native-firebase_auth] AndroidManifest.xml:12:5-68
14-->[:react-native-firebase_auth] AndroidManifest.xml:12:22-65
15    <uses-permission android:name="android.permission.ACCESS_NETWORK_STATE" /> <!-- Required by older versions of Google Play services to create IID tokens -->
15-->[:react-native-firebase_auth] AndroidManifest.xml:13:5-79
15-->[:react-native-firebase_auth] AndroidManifest.xml:13:22-76
16    <uses-permission android:name="com.google.android.c2dm.permission.RECEIVE" />
16-->[com.google.firebase:firebase-messaging:22.0.0] AndroidManifest.xml:25:5-82
16-->[com.google.firebase:firebase-messaging:22.0.0] AndroidManifest.xml:25:22-79
17
18    <uses-feature
18-->[com.google.android.gms:play-services-maps:11.8.0] AndroidManifest.xml:26:5-28:35
19        android:glEsVersion="0x00020000"
19-->[com.google.android.gms:play-services-maps:11.8.0] AndroidManifest.xml:27:9-41
20        android:required="true" />
20-->[com.google.android.gms:play-services-maps:11.8.0] AndroidManifest.xml:28:9-32
21
22    <uses-permission android:name="com.google.android.finsky.permission.BIND_GET_INSTALL_REFERRER_SERVICE" />
22-->[com.google.android.gms:play-services-measurement:19.0.0] AndroidManifest.xml:26:5-110
22-->[com.google.android.gms:play-services-measurement:19.0.0] AndroidManifest.xml:26:22-107
23
24    <application
24-->src/main/AndroidManifest.xml:6:5-31:19
25        android:name="com.groceriesondemand.MainApplication"
25-->src/main/AndroidManifest.xml:7:7-38
26        android:allowBackup="false"
26-->src/main/AndroidManifest.xml:11:7-34
27        android:appComponentFactory="androidx.core.app.CoreComponentFactory"
27-->[androidx.core:core:1.1.0] AndroidManifest.xml:24:18-86
28        android:debuggable="true"
29        android:icon="@mipmap/ic_launcher"
29-->src/main/AndroidManifest.xml:9:7-41
30        android:label="@string/app_name"
30-->src/main/AndroidManifest.xml:8:7-39
31        android:roundIcon="@mipmap/ic_launcher_round"
31-->src/main/AndroidManifest.xml:10:7-52
32        android:theme="@style/AppTheme"
32-->src/main/AndroidManifest.xml:12:7-38
33        android:usesCleartextTraffic="true" >
33-->src/main/AndroidManifest.xml:13:7-42
34        <activity android:name="com.facebook.react.devsupport.DevSettingsActivity" />
34-->src/debug/AndroidManifest.xml:11:9-86
34-->src/debug/AndroidManifest.xml:11:19-83
35        <activity
35-->src/main/AndroidManifest.xml:15:7-30:18
36            android:name="com.groceriesondemand.MainActivity"
36-->src/main/AndroidManifest.xml:16:9-37
37            android:configChanges="keyboard|keyboardHidden|orientation|screenSize|uiMode"
37-->src/main/AndroidManifest.xml:18:9-86
38            android:label="@string/app_name"
38-->src/main/AndroidManifest.xml:17:9-41
39            android:launchMode="singleTask"
39-->src/main/AndroidManifest.xml:19:9-40
40            android:screenOrientation="portrait"
40-->src/main/AndroidManifest.xml:21:10-46
41            android:windowSoftInputMode="adjustResize" >
41-->src/main/AndroidManifest.xml:20:9-51
42            <intent-filter>
42-->src/main/AndroidManifest.xml:22:9-25:25
43                <action android:name="android.intent.action.MAIN" />
43-->src/main/AndroidManifest.xml:23:13-65
43-->src/main/AndroidManifest.xml:23:21-62
44
45                <category android:name="android.intent.category.LAUNCHER" />
45-->src/main/AndroidManifest.xml:24:13-73
45-->src/main/AndroidManifest.xml:24:23-70
46            </intent-filter>
47
48            <meta-data
48-->src/main/AndroidManifest.xml:26:11-29:9
49                android:name="com.google.android.geo.API_KEY"
49-->src/main/AndroidManifest.xml:27:9-54
50                android:value="AIzaSyDdLk5tb75SiJvRk9F2B4almu-sBAi1-EM" />
50-->src/main/AndroidManifest.xml:28:9-64
51        </activity>
52
53        <service android:name="io.invertase.firebase.messaging.ReactNativeFirebaseMessagingHeadlessService" />
53-->[:react-native-firebase_messaging] AndroidManifest.xml:16:9-111
53-->[:react-native-firebase_messaging] AndroidManifest.xml:16:18-108
54        <service
54-->[:react-native-firebase_messaging] AndroidManifest.xml:17:9-23:19
55            android:name="io.invertase.firebase.messaging.ReactNativeFirebaseMessagingService"
55-->[:react-native-firebase_messaging] AndroidManifest.xml:18:13-95
56            android:exported="false" >
56-->[:react-native-firebase_messaging] AndroidManifest.xml:19:13-37
57            <intent-filter>
57-->[:react-native-firebase_messaging] AndroidManifest.xml:20:13-22:29
58                <action android:name="com.google.firebase.MESSAGING_EVENT" />
58-->[:react-native-firebase_messaging] AndroidManifest.xml:21:17-78
58-->[:react-native-firebase_messaging] AndroidManifest.xml:21:25-75
59            </intent-filter>
60        </service>
61
62        <receiver
62-->[:react-native-firebase_messaging] AndroidManifest.xml:25:9-32:20
63            android:name="io.invertase.firebase.messaging.ReactNativeFirebaseMessagingReceiver"
63-->[:react-native-firebase_messaging] AndroidManifest.xml:26:13-96
64            android:exported="true"
64-->[:react-native-firebase_messaging] AndroidManifest.xml:27:13-36
65            android:permission="com.google.android.c2dm.permission.SEND" >
65-->[:react-native-firebase_messaging] AndroidManifest.xml:28:13-73
66            <intent-filter>
66-->[:react-native-firebase_messaging] AndroidManifest.xml:29:13-31:29
67                <action android:name="com.google.android.c2dm.intent.RECEIVE" />
67-->[:react-native-firebase_messaging] AndroidManifest.xml:30:17-81
67-->[:react-native-firebase_messaging] AndroidManifest.xml:30:25-78
68            </intent-filter>
69        </receiver>
70
71        <meta-data
71-->[:react-native-firebase_messaging] AndroidManifest.xml:34:9-36:36
72            android:name="firebase_messaging_auto_init_enabled"
72-->[:react-native-firebase_messaging] AndroidManifest.xml:35:13-64
73            android:value="true" />
73-->[:react-native-firebase_messaging] AndroidManifest.xml:36:13-33
74        <meta-data
74-->[:react-native-firebase_messaging] AndroidManifest.xml:37:9-39:32
75            android:name="com.google.firebase.messaging.default_notification_channel_id"
75-->[:react-native-firebase_messaging] AndroidManifest.xml:38:13-89
76            android:value="" />
76-->[:react-native-firebase_messaging] AndroidManifest.xml:39:13-29
77        <meta-data
77-->[:react-native-firebase_messaging] AndroidManifest.xml:40:9-42:47
78            android:name="com.google.firebase.messaging.default_notification_color"
78-->[:react-native-firebase_messaging] AndroidManifest.xml:41:13-84
79            android:resource="@color/white" />
79-->[:react-native-firebase_messaging] AndroidManifest.xml:42:13-44
80
81        <provider
81-->[:react-native-webview] AndroidManifest.xml:12:9-20:20
82            android:name="com.reactnativecommunity.webview.RNCWebViewFileProvider"
82-->[:react-native-webview] AndroidManifest.xml:13:13-83
83            android:authorities="com.groceriesondemand.fileprovider"
83-->[:react-native-webview] AndroidManifest.xml:14:13-64
84            android:exported="false"
84-->[:react-native-webview] AndroidManifest.xml:15:13-37
85            android:grantUriPermissions="true" >
85-->[:react-native-webview] AndroidManifest.xml:16:13-47
86            <meta-data
86-->[:react-native-webview] AndroidManifest.xml:17:13-19:63
87                android:name="android.support.FILE_PROVIDER_PATHS"
87-->[:react-native-webview] AndroidManifest.xml:18:17-67
88                android:resource="@xml/file_provider_paths" />
88-->[:react-native-webview] AndroidManifest.xml:19:17-60
89        </provider>
90
91        <activity
91-->[:tipsi-stripe] AndroidManifest.xml:12:9-16:75
92            android:name="com.gettipsi.stripe.OpenBrowserActivity"
92-->[:tipsi-stripe] AndroidManifest.xml:13:13-67
93            android:exported="false"
93-->[:tipsi-stripe] AndroidManifest.xml:14:13-37
94            android:launchMode="singleTask"
94-->[:tipsi-stripe] AndroidManifest.xml:15:13-44
95            android:theme="@android:style/Theme.Translucent.NoTitleBar" />
95-->[:tipsi-stripe] AndroidManifest.xml:16:13-72
96        <activity
96-->[:tipsi-stripe] AndroidManifest.xml:17:9-30:20
97            android:name="com.gettipsi.stripe.RedirectUriReceiver"
97-->[:tipsi-stripe] AndroidManifest.xml:18:13-67
98            android:exported="true"
98-->[:tipsi-stripe] AndroidManifest.xml:19:13-36
99            android:launchMode="singleTask"
99-->[:tipsi-stripe] AndroidManifest.xml:20:13-44
100            android:theme="@android:style/Theme.Translucent.NoTitleBar.Fullscreen" >
100-->[:tipsi-stripe] AndroidManifest.xml:21:13-83
101            <intent-filter>
101-->[:tipsi-stripe] AndroidManifest.xml:22:13-29:29
102                <action android:name="android.intent.action.VIEW" />
102-->[:tipsi-stripe] AndroidManifest.xml:23:17-69
102-->[:tipsi-stripe] AndroidManifest.xml:23:25-66
103
104                <category android:name="android.intent.category.DEFAULT" />
104-->[:tipsi-stripe] AndroidManifest.xml:25:17-76
104-->[:tipsi-stripe] AndroidManifest.xml:25:27-73
105                <category android:name="android.intent.category.BROWSABLE" />
105-->[:tipsi-stripe] AndroidManifest.xml:26:17-78
105-->[:tipsi-stripe] AndroidManifest.xml:26:27-75
106
107                <data android:scheme="example" />
107-->[:tipsi-stripe] AndroidManifest.xml:28:17-50
107-->[:tipsi-stripe] AndroidManifest.xml:28:23-47
108            </intent-filter>
109        </activity>
110        <activity
110-->[com.stripe:stripe-android:10.4.6] AndroidManifest.xml:12:9-14:57
111            android:name="com.stripe.android.view.AddPaymentMethodActivity"
111-->[com.stripe:stripe-android:10.4.6] AndroidManifest.xml:13:13-76
112            android:theme="@style/StripeDefaultTheme" />
112-->[com.stripe:stripe-android:10.4.6] AndroidManifest.xml:14:13-54
113        <activity
113-->[com.stripe:stripe-android:10.4.6] AndroidManifest.xml:15:9-17:57
114            android:name="com.stripe.android.view.PaymentMethodsActivity"
114-->[com.stripe:stripe-android:10.4.6] AndroidManifest.xml:16:13-74
115            android:theme="@style/StripeDefaultTheme" />
115-->[com.stripe:stripe-android:10.4.6] AndroidManifest.xml:17:13-54
116        <activity
116-->[com.stripe:stripe-android:10.4.6] AndroidManifest.xml:18:9-20:57
117            android:name="com.stripe.android.view.PaymentFlowActivity"
117-->[com.stripe:stripe-android:10.4.6] AndroidManifest.xml:19:13-71
118            android:theme="@style/StripeDefaultTheme" />
118-->[com.stripe:stripe-android:10.4.6] AndroidManifest.xml:20:13-54
119        <activity
119-->[com.stripe:stripe-android:10.4.6] AndroidManifest.xml:21:9-23:57
120            android:name="com.stripe.android.view.PaymentAuthWebViewActivity"
120-->[com.stripe:stripe-android:10.4.6] AndroidManifest.xml:22:13-78
121            android:theme="@style/StripeDefaultTheme" />
121-->[com.stripe:stripe-android:10.4.6] AndroidManifest.xml:23:13-54
122        <activity
122-->[com.stripe:stripe-android:10.4.6] AndroidManifest.xml:24:9-26:57
123            android:name="com.stripe.android.view.PaymentRelayActivity"
123-->[com.stripe:stripe-android:10.4.6] AndroidManifest.xml:25:13-72
124            android:theme="@style/StripeDefaultTheme" />
124-->[com.stripe:stripe-android:10.4.6] AndroidManifest.xml:26:13-54
125        <activity
125-->[com.stripe:stripe-3ds2-android:1.2.2] AndroidManifest.xml:12:9-14:54
126            android:name="com.stripe.android.stripe3ds2.views.ChallengeActivity"
126-->[com.stripe:stripe-3ds2-android:1.2.2] AndroidManifest.xml:13:13-81
127            android:theme="@style/Stripe3DS2Theme" />
127-->[com.stripe:stripe-3ds2-android:1.2.2] AndroidManifest.xml:14:13-51
128        <activity
128-->[com.stripe:stripe-3ds2-android:1.2.2] AndroidManifest.xml:15:9-17:54
129            android:name="com.stripe.android.stripe3ds2.views.ChallengeProgressDialogActivity"
129-->[com.stripe:stripe-3ds2-android:1.2.2] AndroidManifest.xml:16:13-95
130            android:theme="@style/Stripe3DS2Theme" />
130-->[com.stripe:stripe-3ds2-android:1.2.2] AndroidManifest.xml:17:13-51
131        <activity
131-->[com.google.firebase:firebase-auth:21.0.1] AndroidManifest.xml:27:9-44:20
132            android:name="com.google.firebase.auth.internal.GenericIdpActivity"
132-->[com.google.firebase:firebase-auth:21.0.1] AndroidManifest.xml:28:13-80
133            android:excludeFromRecents="true"
133-->[com.google.firebase:firebase-auth:21.0.1] AndroidManifest.xml:29:13-46
134            android:exported="true"
134-->[com.google.firebase:firebase-auth:21.0.1] AndroidManifest.xml:30:13-36
135            android:launchMode="singleTask"
135-->[com.google.firebase:firebase-auth:21.0.1] AndroidManifest.xml:31:13-44
136            android:theme="@android:style/Theme.Translucent.NoTitleBar" >
136-->[com.google.firebase:firebase-auth:21.0.1] AndroidManifest.xml:32:13-72
137            <intent-filter>
137-->[com.google.firebase:firebase-auth:21.0.1] AndroidManifest.xml:33:13-43:29
138                <action android:name="android.intent.action.VIEW" />
138-->[:tipsi-stripe] AndroidManifest.xml:23:17-69
138-->[:tipsi-stripe] AndroidManifest.xml:23:25-66
139
140                <category android:name="android.intent.category.DEFAULT" />
140-->[:tipsi-stripe] AndroidManifest.xml:25:17-76
140-->[:tipsi-stripe] AndroidManifest.xml:25:27-73
141                <category android:name="android.intent.category.BROWSABLE" />
141-->[:tipsi-stripe] AndroidManifest.xml:26:17-78
141-->[:tipsi-stripe] AndroidManifest.xml:26:27-75
142
143                <data
143-->[:tipsi-stripe] AndroidManifest.xml:28:17-50
144                    android:host="firebase.auth"
145                    android:path="/"
146                    android:scheme="genericidp" />
146-->[:tipsi-stripe] AndroidManifest.xml:28:23-47
147            </intent-filter>
148        </activity>
149        <activity
149-->[com.google.firebase:firebase-auth:21.0.1] AndroidManifest.xml:45:9-62:20
150            android:name="com.google.firebase.auth.internal.RecaptchaActivity"
150-->[com.google.firebase:firebase-auth:21.0.1] AndroidManifest.xml:46:13-79
151            android:excludeFromRecents="true"
151-->[com.google.firebase:firebase-auth:21.0.1] AndroidManifest.xml:47:13-46
152            android:exported="true"
152-->[com.google.firebase:firebase-auth:21.0.1] AndroidManifest.xml:48:13-36
153            android:launchMode="singleTask"
153-->[com.google.firebase:firebase-auth:21.0.1] AndroidManifest.xml:49:13-44
154            android:theme="@android:style/Theme.Translucent.NoTitleBar" >
154-->[com.google.firebase:firebase-auth:21.0.1] AndroidManifest.xml:50:13-72
155            <intent-filter>
155-->[com.google.firebase:firebase-auth:21.0.1] AndroidManifest.xml:51:13-61:29
156                <action android:name="android.intent.action.VIEW" />
156-->[:tipsi-stripe] AndroidManifest.xml:23:17-69
156-->[:tipsi-stripe] AndroidManifest.xml:23:25-66
157
158                <category android:name="android.intent.category.DEFAULT" />
158-->[:tipsi-stripe] AndroidManifest.xml:25:17-76
158-->[:tipsi-stripe] AndroidManifest.xml:25:27-73
159                <category android:name="android.intent.category.BROWSABLE" />
159-->[:tipsi-stripe] AndroidManifest.xml:26:17-78
159-->[:tipsi-stripe] AndroidManifest.xml:26:27-75
160
161                <data
161-->[:tipsi-stripe] AndroidManifest.xml:28:17-50
162                    android:host="firebase.auth"
163                    android:path="/"
164                    android:scheme="recaptcha" />
164-->[:tipsi-stripe] AndroidManifest.xml:28:23-47
165            </intent-filter>
166        </activity>
167
168        <service
168-->[com.google.firebase:firebase-auth:21.0.1] AndroidManifest.xml:64:9-73:19
169            android:name="com.google.firebase.auth.api.fallback.service.FirebaseAuthFallbackService"
169-->[com.google.firebase:firebase-auth:21.0.1] AndroidManifest.xml:65:13-101
170            android:enabled="true"
170-->[com.google.firebase:firebase-auth:21.0.1] AndroidManifest.xml:66:13-35
171            android:exported="false" >
171-->[com.google.firebase:firebase-auth:21.0.1] AndroidManifest.xml:67:13-37
172            <intent-filter>
172-->[com.google.firebase:firebase-auth:21.0.1] AndroidManifest.xml:68:13-72:29
173                <action android:name="com.google.firebase.auth.api.gms.service.START" />
173-->[com.google.firebase:firebase-auth:21.0.1] AndroidManifest.xml:69:17-89
173-->[com.google.firebase:firebase-auth:21.0.1] AndroidManifest.xml:69:25-86
174
175                <category android:name="android.intent.category.DEFAULT" />
175-->[:tipsi-stripe] AndroidManifest.xml:25:17-76
175-->[:tipsi-stripe] AndroidManifest.xml:25:27-73
176            </intent-filter>
177        </service>
178        <service
178-->[com.google.firebase:firebase-auth:21.0.1] AndroidManifest.xml:74:9-80:19
179            android:name="com.google.firebase.components.ComponentDiscoveryService"
179-->[com.google.firebase:firebase-auth:21.0.1] AndroidManifest.xml:75:13-84
180            android:directBootAware="true"
180-->[com.google.firebase:firebase-common:20.0.0] AndroidManifest.xml:35:13-43
181            android:exported="false" >
181-->[com.google.firebase:firebase-auth:21.0.1] AndroidManifest.xml:76:13-37
182            <meta-data
182-->[com.google.firebase:firebase-auth:21.0.1] AndroidManifest.xml:77:13-79:85
183                android:name="com.google.firebase.components:com.google.firebase.auth.FirebaseAuthRegistrar"
183-->[com.google.firebase:firebase-auth:21.0.1] AndroidManifest.xml:78:17-109
184                android:value="com.google.firebase.components.ComponentRegistrar" />
184-->[com.google.firebase:firebase-auth:21.0.1] AndroidManifest.xml:79:17-82
185            <meta-data
185-->[com.google.firebase:firebase-messaging:22.0.0] AndroidManifest.xml:52:13-54:85
186                android:name="com.google.firebase.components:com.google.firebase.messaging.FirebaseMessagingRegistrar"
186-->[com.google.firebase:firebase-messaging:22.0.0] AndroidManifest.xml:53:17-119
187                android:value="com.google.firebase.components.ComponentRegistrar" />
187-->[com.google.firebase:firebase-messaging:22.0.0] AndroidManifest.xml:54:17-82
188            <meta-data
188-->[com.google.firebase:firebase-datatransport:18.0.0] AndroidManifest.xml:28:13-30:85
189                android:name="com.google.firebase.components:com.google.firebase.datatransport.TransportRegistrar"
189-->[com.google.firebase:firebase-datatransport:18.0.0] AndroidManifest.xml:29:17-115
190                android:value="com.google.firebase.components.ComponentRegistrar" />
190-->[com.google.firebase:firebase-datatransport:18.0.0] AndroidManifest.xml:30:17-82
191            <meta-data
191-->[com.google.android.gms:play-services-measurement-api:19.0.0] AndroidManifest.xml:30:13-32:85
192                android:name="com.google.firebase.components:com.google.firebase.analytics.connector.internal.AnalyticsConnectorRegistrar"
192-->[com.google.android.gms:play-services-measurement-api:19.0.0] AndroidManifest.xml:31:17-139
193                android:value="com.google.firebase.components.ComponentRegistrar" />
193-->[com.google.android.gms:play-services-measurement-api:19.0.0] AndroidManifest.xml:32:17-82
194            <meta-data
194-->[com.google.firebase:firebase-installations:17.0.0] AndroidManifest.xml:18:13-20:85
195                android:name="com.google.firebase.components:com.google.firebase.installations.FirebaseInstallationsRegistrar"
195-->[com.google.firebase:firebase-installations:17.0.0] AndroidManifest.xml:19:17-127
196                android:value="com.google.firebase.components.ComponentRegistrar" />
196-->[com.google.firebase:firebase-installations:17.0.0] AndroidManifest.xml:20:17-82
197        </service>
198
199        <receiver
199-->[com.google.firebase:firebase-messaging:22.0.0] AndroidManifest.xml:28:9-35:20
200            android:name="com.google.firebase.iid.FirebaseInstanceIdReceiver"
200-->[com.google.firebase:firebase-messaging:22.0.0] AndroidManifest.xml:29:13-78
201            android:exported="true"
201-->[com.google.firebase:firebase-messaging:22.0.0] AndroidManifest.xml:30:13-36
202            android:permission="com.google.android.c2dm.permission.SEND" >
202-->[com.google.firebase:firebase-messaging:22.0.0] AndroidManifest.xml:31:13-73
203            <intent-filter>
203-->[:react-native-firebase_messaging] AndroidManifest.xml:29:13-31:29
204                <action android:name="com.google.android.c2dm.intent.RECEIVE" />
204-->[:react-native-firebase_messaging] AndroidManifest.xml:30:17-81
204-->[:react-native-firebase_messaging] AndroidManifest.xml:30:25-78
205            </intent-filter>
206        </receiver>
207        <!--
208             FirebaseMessagingService performs security checks at runtime,
209             but set to not exported to explicitly avoid allowing another app to call it.
210        -->
211        <service
211-->[com.google.firebase:firebase-messaging:22.0.0] AndroidManifest.xml:41:9-48:19
212            android:name="com.google.firebase.messaging.FirebaseMessagingService"
212-->[com.google.firebase:firebase-messaging:22.0.0] AndroidManifest.xml:42:13-82
213            android:directBootAware="true"
213-->[com.google.firebase:firebase-messaging:22.0.0] AndroidManifest.xml:43:13-43
214            android:exported="false" >
214-->[com.google.firebase:firebase-messaging:22.0.0] AndroidManifest.xml:44:13-37
215            <intent-filter android:priority="-500" >
215-->[:react-native-firebase_messaging] AndroidManifest.xml:20:13-22:29
216                <action android:name="com.google.firebase.MESSAGING_EVENT" />
216-->[:react-native-firebase_messaging] AndroidManifest.xml:21:17-78
216-->[:react-native-firebase_messaging] AndroidManifest.xml:21:25-75
217            </intent-filter>
218        </service>
219        <service
219-->[com.google.android.datatransport:transport-backend-cct:3.0.0] AndroidManifest.xml:29:9-35:19
220            android:name="com.google.android.datatransport.runtime.backends.TransportBackendDiscovery"
220-->[com.google.android.datatransport:transport-backend-cct:3.0.0] AndroidManifest.xml:30:13-103
221            android:exported="false" >
221-->[com.google.android.datatransport:transport-backend-cct:3.0.0] AndroidManifest.xml:31:13-37
222            <meta-data
222-->[com.google.android.datatransport:transport-backend-cct:3.0.0] AndroidManifest.xml:32:13-34:39
223                android:name="backend:com.google.android.datatransport.cct.CctBackendFactory"
223-->[com.google.android.datatransport:transport-backend-cct:3.0.0] AndroidManifest.xml:33:17-94
224                android:value="cct" />
224-->[com.google.android.datatransport:transport-backend-cct:3.0.0] AndroidManifest.xml:34:17-36
225        </service>
226
227        <provider
227-->[com.google.firebase:firebase-common:20.0.0] AndroidManifest.xml:26:9-31:39
228            android:name="com.google.firebase.provider.FirebaseInitProvider"
228-->[com.google.firebase:firebase-common:20.0.0] AndroidManifest.xml:27:13-77
229            android:authorities="com.groceriesondemand.firebaseinitprovider"
229-->[com.google.firebase:firebase-common:20.0.0] AndroidManifest.xml:28:13-72
230            android:directBootAware="true"
230-->[com.google.firebase:firebase-common:20.0.0] AndroidManifest.xml:29:13-43
231            android:exported="false"
231-->[com.google.firebase:firebase-common:20.0.0] AndroidManifest.xml:30:13-37
232            android:initOrder="100" />
232-->[com.google.firebase:firebase-common:20.0.0] AndroidManifest.xml:31:13-36
233
234        <service
234-->[com.google.android.datatransport:transport-runtime:3.0.0] AndroidManifest.xml:26:9-30:19
235            android:name="com.google.android.datatransport.runtime.scheduling.jobscheduling.JobInfoSchedulerService"
235-->[com.google.android.datatransport:transport-runtime:3.0.0] AndroidManifest.xml:27:13-117
236            android:exported="false"
236-->[com.google.android.datatransport:transport-runtime:3.0.0] AndroidManifest.xml:28:13-37
237            android:permission="android.permission.BIND_JOB_SERVICE" >
237-->[com.google.android.datatransport:transport-runtime:3.0.0] AndroidManifest.xml:29:13-69
238        </service>
239
240        <receiver
240-->[com.google.android.datatransport:transport-runtime:3.0.0] AndroidManifest.xml:32:9-34:40
241            android:name="com.google.android.datatransport.runtime.scheduling.jobscheduling.AlarmManagerSchedulerBroadcastReceiver"
241-->[com.google.android.datatransport:transport-runtime:3.0.0] AndroidManifest.xml:33:13-132
242            android:exported="false" />
242-->[com.google.android.datatransport:transport-runtime:3.0.0] AndroidManifest.xml:34:13-37
243
244        <activity
244-->[com.google.android.gms:play-services-auth:19.0.0] AndroidManifest.xml:23:9-27:75
245            android:name="com.google.android.gms.auth.api.signin.internal.SignInHubActivity"
245-->[com.google.android.gms:play-services-auth:19.0.0] AndroidManifest.xml:24:13-93
246            android:excludeFromRecents="true"
246-->[com.google.android.gms:play-services-auth:19.0.0] AndroidManifest.xml:25:13-46
247            android:exported="false"
247-->[com.google.android.gms:play-services-auth:19.0.0] AndroidManifest.xml:26:13-37
248            android:theme="@android:style/Theme.Translucent.NoTitleBar" />
248-->[com.google.android.gms:play-services-auth:19.0.0] AndroidManifest.xml:27:13-72
249        <!--
250            Service handling Google Sign-In user revocation. For apps that do not integrate with
251            Google Sign-In, this service will never be started.
252        -->
253        <service
253-->[com.google.android.gms:play-services-auth:19.0.0] AndroidManifest.xml:33:9-37:51
254            android:name="com.google.android.gms.auth.api.signin.RevocationBoundService"
254-->[com.google.android.gms:play-services-auth:19.0.0] AndroidManifest.xml:34:13-89
255            android:exported="true"
255-->[com.google.android.gms:play-services-auth:19.0.0] AndroidManifest.xml:35:13-36
256            android:permission="com.google.android.gms.auth.api.signin.permission.REVOCATION_NOTIFICATION"
256-->[com.google.android.gms:play-services-auth:19.0.0] AndroidManifest.xml:36:13-107
257            android:visibleToInstantApps="true" />
257-->[com.google.android.gms:play-services-auth:19.0.0] AndroidManifest.xml:37:13-48
258
259        <activity
259-->[com.google.android.gms:play-services-base:17.1.0] AndroidManifest.xml:23:9-26:75
260            android:name="com.google.android.gms.common.api.GoogleApiActivity"
260-->[com.google.android.gms:play-services-base:17.1.0] AndroidManifest.xml:24:13-79
261            android:exported="false"
261-->[com.google.android.gms:play-services-base:17.1.0] AndroidManifest.xml:25:13-37
262            android:theme="@android:style/Theme.Translucent.NoTitleBar" />
262-->[com.google.android.gms:play-services-base:17.1.0] AndroidManifest.xml:26:13-72
263
264        <receiver
264-->[com.google.android.gms:play-services-measurement:19.0.0] AndroidManifest.xml:29:9-33:20
265            android:name="com.google.android.gms.measurement.AppMeasurementReceiver"
265-->[com.google.android.gms:play-services-measurement:19.0.0] AndroidManifest.xml:30:13-85
266            android:enabled="true"
266-->[com.google.android.gms:play-services-measurement:19.0.0] AndroidManifest.xml:31:13-35
267            android:exported="false" >
267-->[com.google.android.gms:play-services-measurement:19.0.0] AndroidManifest.xml:32:13-37
268        </receiver>
269
270        <service
270-->[com.google.android.gms:play-services-measurement:19.0.0] AndroidManifest.xml:35:9-38:40
271            android:name="com.google.android.gms.measurement.AppMeasurementService"
271-->[com.google.android.gms:play-services-measurement:19.0.0] AndroidManifest.xml:36:13-84
272            android:enabled="true"
272-->[com.google.android.gms:play-services-measurement:19.0.0] AndroidManifest.xml:37:13-35
273            android:exported="false" />
273-->[com.google.android.gms:play-services-measurement:19.0.0] AndroidManifest.xml:38:13-37
274        <service
274-->[com.google.android.gms:play-services-measurement:19.0.0] AndroidManifest.xml:39:9-43:72
275            android:name="com.google.android.gms.measurement.AppMeasurementJobService"
275-->[com.google.android.gms:play-services-measurement:19.0.0] AndroidManifest.xml:40:13-87
276            android:enabled="true"
276-->[com.google.android.gms:play-services-measurement:19.0.0] AndroidManifest.xml:41:13-35
277            android:exported="false"
277-->[com.google.android.gms:play-services-measurement:19.0.0] AndroidManifest.xml:42:13-37
278            android:permission="android.permission.BIND_JOB_SERVICE" />
278-->[com.google.android.gms:play-services-measurement:19.0.0] AndroidManifest.xml:43:13-69
279
280        <meta-data
280-->[com.google.android.gms:play-services-basement:17.1.1] AndroidManifest.xml:23:9-25:69